<?xml version="1.0" encoding="UTF-8"?>
<!-- Generated by org.testng.reporters.JUnitReportReporter -->
<testsuite name="utility.Common_Functions" tests="1" time="0.004" ignored="4" failures="0" timestamp="02 Mar 2017 07:22:57 GMT" skipped="0" hostname="sag-pc-26" errors="0">
  <testcase name="sendEmail" time="0.004" classname="utility.Common_Functions"/>
  <testcase name="UserAccount" classname="NG_Platform_Sanity.NG_Platform_Sanity">
    <skipped/>
  </testcase> <!-- UserAccount -->
  <testcase name="UserAccount" classname="NG_Platform_Sanity.NG_Platform_Sanity">
    <skipped/>
  </testcase> <!-- UserAccount -->
  <testcase name="DBConnect" classname="NG_Platform_Sanity.NG_Platform_Sanity">
    <skipped/>
  </testcase> <!-- DBConnect -->
  <testcase name="DBConnect" classname="NG_Platform_Sanity.NG_Platform_Sanity">
    <skipped/>
  </testcase> <!-- DBConnect -->
</testsuite> <!-- utility.Common_Functions -->
