<?xml version="1.0" encoding="UTF-8"?>
<!-- Generated by org.testng.reporters.JUnitReportReporter -->
<testsuite hostname="sag-pc-26" name="utility.SendEmail" tests="1" failures="0" timestamp="21 Nov 2018 06:43:13 GMT" time="14.197" errors="0">
  <testcase name="Sendmail" time="14.197" classname="utility.SendEmail"/>
</testsuite> <!-- utility.SendEmail -->
