<?xml version="1.0" encoding="UTF-8"?>
<!-- Generated by org.testng.reporters.JUnitReportReporter -->
<testsuite skipped="0" hostname="Ventive" name="Executable_Classes.Login_Application" tests="5" failures="0" timestamp="25 Dec 2018 02:01:17 GMT" time="19.887" errors="0">
  <testcase name="Open_URL" time="2.184" classname="Executable_Classes.Login_Application"/>
  <testcase name="Enter_UserName" time="5.738" classname="Executable_Classes.Login_Application"/>
  <testcase name="Enter_Password" time="5.289" classname="Executable_Classes.Login_Application"/>
  <testcase name="Login_Button" time="5.228" classname="Executable_Classes.Login_Application"/>
  <testcase name="Close_Browser" time="1.448" classname="Executable_Classes.Login_Application"/>
</testsuite> <!-- Executable_Classes.Login_Application -->
