<?xml version="1.0" encoding="UTF-8"?>
<!-- Generated by org.testng.reporters.JUnitReportReporter -->
<testsuite skipped="0" hostname="Ventive" name="Executable_Classes.TC1_Login_Application" tests="5" failures="0" timestamp="25 Dec 2018 02:52:19 GMT" time="20.676" errors="0">
  <testcase name="Open_URL" time="2.621" classname="Executable_Classes.TC1_Login_Application"/>
  <testcase name="Enter_UserName" time="5.872" classname="Executable_Classes.TC1_Login_Application"/>
  <testcase name="Enter_Password" time="5.315" classname="Executable_Classes.TC1_Login_Application"/>
  <testcase name="Login_Button" time="5.243" classname="Executable_Classes.TC1_Login_Application"/>
  <testcase name="Close_Browser" time="1.625" classname="Executable_Classes.TC1_Login_Application"/>
</testsuite> <!-- Executable_Classes.TC1_Login_Application -->
