<?xml version="1.0" encoding="UTF-8"?>
<!-- Generated by org.testng.reporters.JUnitReportReporter -->
<testsuite skipped="0" hostname="DESKTOP-I0V4GOD" name="Executable_Classes.Login_Application" tests="5" failures="0" timestamp="19 Dec 2018 17:38:57 GMT" time="19.400" errors="0">
  <testcase name="Open_URL" time="2.566" classname="Executable_Classes.Login_Application"/>
  <testcase name="Enter_UserName" time="5.409" classname="Executable_Classes.Login_Application"/>
  <testcase name="Enter_Password" time="5.197" classname="Executable_Classes.Login_Application"/>
  <testcase name="Login_Button" time="5.123" classname="Executable_Classes.Login_Application"/>
  <testcase name="Close_Browser" time="1.105" classname="Executable_Classes.Login_Application"/>
</testsuite> <!-- Executable_Classes.Login_Application -->
